app/proguard-rules.pro
# Add project specific ProGuard rules here.
# You can control the set of applied configuration files using the
# proguardFiles setting in build.gradle.
#
# For more details, see
#   http://developer.android.com/guide/developing/tools/proguard.html

# If your project uses WebView with JS, uncomment the following
# and specify the fully qualified class name to the JavaScript interface
# class:
#-keepclassmembers class fqcn.of.javascript.interface.for.webview {
#   public *;
#}

# Uncomment this to preserve the line number information for
# debugging stack traces.
#-keepattributes SourceFile,LineNumberTable

# If you keep the line number information, uncomment this to
# hide the original source file name.
#-renamesourcefileattribute SourceFile
# 代码混淆压缩比，在0~7之间，默认为5，一般不做修改
-optimizationpasses 5

# 混合时不使用大小写混合，混合后的类名为小写
-dontusemixedcaseclassnames

# 指定不去忽略非公共库的类
-dontskipnonpubliclibraryclasses

# 这句话能够使我们的项目混淆后产生映射文件
# 包含有类名->混淆后类名的映射关系
-verbose

# 不做预校验，preverify是proguard的四个步骤之一，Android不需要preverify，去掉这一步能够加快混淆速度。
-dontpreverify

# 忽略警告，继续执行
-ignorewarnings

# 指定混淆是采用的算法，后面的参数是一个过滤器
# 这个过滤器是谷歌推荐的算法，一般不做更改
-optimizations !code/simplification/cast,!field/*,!class/merging/*

-dontwarn javax.annotation.**
-dontwarn javax.inject.**

-keep class top.huar.schedule.entity.** { *; }

# greenDAO 3
-keepclassmembers class * extends org.greenrobot.greendao.AbstractDao {
public static java.lang.String TABLENAME;
}
-keep class **$Properties
-dontwarn  org.greenrobot.greendao.rx.**

#EventBus
-keepattributes *Annotation*
-keepclassmembers class ** {
    @org.greenrobot.eventbus.Subscribe <methods>;
}
-keep enum org.greenrobot.eventbus.ThreadMode { *; }

# Only required if you use AsyncExecutor
-keepclassmembers class * extends org.greenrobot.eventbus.util.ThrowableFailureEvent {
    <init>(java.lang.Throwable);
}

#Glide
-keep public class * implements com.bumptech.glide.module.GlideModule
-keep public class * extends com.bumptech.glide.AppGlideModule
-keep public enum com.bumptech.glide.load.resource.bitmap.ImageHeaderParser$** {
  **[] $VALUES;
  public *;
}

#Bugly
-dontwarn com.tencent.bugly.**
-keep public class com.tencent.bugly.**{*;}
-keep class android.support.**{*;}

# Retain service method parameters when optimizing.
-keepclassmembers,allowshrinking,allowobfuscation interface * {
    @retrofit2.http.* <methods>;
}

# Ignore annotation used for build tooling.
-dontwarn org.codehaus.mojo.animal_sniffer.IgnoreJRERequirement

# Ignore JSR 305 annotations for embedding nullability information.
-dontwarn javax.annotation.**

# Guarded by a NoClassDefFoundError try/catch and only used when on the classpath.
-dontwarn kotlin.Unit

# Matisse
-dontwarn com.squareup.picasso.**