app/build/outputs/mapping/release/seeds.txt
top.huar.schedule.R$styleable: int Preference_android_summary
top.huar.schedule.R$styleable: int AppCompatTheme_actionOverflowMenuStyle
top.huar.schedule.R$styleable: int Constraint_visibilityMode
top.huar.schedule.R$styleable: int SwitchCompat_android_textOff
top.huar.schedule.R$id: int customactivityoncrash_error_activity_restart_button
top.huar.schedule.R$styleable: int GridLayout_alignmentMode
top.huar.schedule.R$styleable: int SearchView_iconifiedByDefault
top.huar.schedule.R$styleable: int RangeSeekBar_rsb_min
top.huar.schedule.R$id: int mtrl_picker_header
top.huar.schedule.R$styleable: int PreferenceFragmentCompat_android_divider
top.huar.schedule.R$styleable: int AppCompatTextHelper_android_drawableLeft
top.huar.schedule.R$id: int off
top.huar.schedule.R$styleable: int Constraint_android_orientation
top.huar.schedule.entity.ClassSchedule: java.lang.String toString()
top.huar.schedule.R$styleable: int Constraint_android_layout_marginBottom
top.huar.schedule.entity.ClassScheduleDao$Properties: org.greenrobot.greendao.Property Week
top.huar.schedule.R$styleable: int MotionLayout_currentState
top.huar.schedule.R$styleable: int AppBarLayout_android_background
top.huar.schedule.R$styleable: int MaterialButton_backgroundTintMode
top.huar.schedule.R$styleable: int Preference_allowDividerAbove
top.huar.schedule.R$styleable: int CompoundButton_android_button
top.huar.schedule.R$styleable: int SeekBarPreference_updatesContinuously
top.huar.schedule.R$styleable: int ForegroundLinearLayout_android_foreground
top.huar.schedule.service.JobSchedulerService
top.huar.schedule.R$styleable: int ConstraintSet_layout_constraintStart_toStartOf
top.huar.schedule.entity.ClassScheduleDao: void bindValues(android.database.sqlite.SQLiteStatement,java.lang.Object)
top.huar.schedule.R$styleable: int ConstraintSet_android_orientation
top.huar.schedule.R$styleable: int ConstraintSet_android_rotationY
top.huar.schedule.R$styleable: int SwitchCompat_switchTextAppearance
top.huar.schedule.R$styleable: int ChipGroup_chipSpacingHorizontal
top.huar.schedule.ui.fragment.checkscore.CheckScoreLoginFragment
top.huar.schedule.entity.Score$1: top.huar.schedule.entity.Score createFromParcel(android.os.Parcel)
top.huar.schedule.R$styleable: int Layout_barrierMargin
top.huar.schedule.R$styleable: int TabLayout_tabPaddingTop
top.huar.schedule.entity.DaoSession: top.huar.schedule.entity.ClassScheduleDao getClassScheduleDao()
top.huar.schedule.R$styleable: int Constraint_flow_horizontalStyle
top.huar.schedule.R$id: int accessibility_custom_action_15
top.huar.schedule.R$styleable: int KeyTimeCycle_android_translationX
top.huar.schedule.R$styleable: int ConstraintSet_layout_goneMarginRight
top.huar.schedule.R$styleable: int CompoundButton_buttonTintMode
top.huar.schedule.R$styleable: int ConstraintSet_layout_constraintHeight_default
top.huar.schedule.R$styleable: int View_paddingStart
top.huar.schedule.R$styleable: int MaterialTextView_android_lineHeight
top.huar.schedule.R$styleable: int CollapsingToolbarLayout_collapsedTitleGravity
top.huar.schedule.R$styleable: int Transform_android_scaleY
top.huar.schedule.entity.EventEntity: EventEntity(top.huar.schedule.common.ConstantPool$Int)
top.huar.schedule.R$styleable: int Constraint_android_layout_marginRight
top.huar.schedule.R$styleable: int ConstraintSet_layout_constraintWidth_max
top.huar.schedule.R$styleable: int Transform_android_elevation
top.huar.schedule.R$styleable: int Constraint_flow_lastVerticalBias
top.huar.schedule.R$styleable: int Constraint_layout_constraintCircleAngle
top.huar.schedule.R$styleable: int Constraint_layout_constraintHeight_max
top.huar.schedule.R$id: int normal
top.huar.schedule.R$styleable: int Layout_layout_constraintGuide_percent
top.huar.schedule.R$styleable: int SearchView_defaultQueryHint
top.huar.schedule.R$id: int tl_id
top.huar.schedule.entity.EventEntity: java.lang.Object data
top.huar.schedule.R$styleable: int Layout_layout_goneMarginEnd
...
com.zhihu.matisse.R$style: int Base_TextAppearance_Widget_AppCompat_Toolbar_Subtitle
androidx.recyclerview.widget.RecyclerView: void onChildAttachedToWindow(android.view.View)
androidx.appcompat.widget.FitWindowsLinearLayout: void setOnFitSystemWindowsListener(androidx.appcompat.widget.FitWindowsViewGroup$OnFitSystemWindowsListener)
androidx.appcompat.R$styleable: int SearchView_layout
androidx.constraintlayout.widget.R$id: int postLayout
androidx.gridlayout.R$styleable: int GridLayout_Layout_layout_rowWeight
androidx.appcompat.view.menu.ActionMenuItemView: ActionMenuItemView(android.content.Context)
cat.ereza.customactivityoncrash.R$styleable: int AppCompatTheme_colorError
androidx.preference.R$style: int Widget_AppCompat_TextView
android.support.v4.media.session.MediaSessionCompat$Callback: void onPlayFromUri(android.net.Uri,android.os.Bundle)
cn.wolfspider.autowraplinelayout.R$styleable: int AppCompatTheme_dialogPreferredPadding
com.jaeger.library.R$id: int transition_layout_save
androidx.savedstate.Recreator
com.google.android.material.R$attr: int fastScrollEnabled
org.jsoup.nodes.Document$QuirksMode: org.jsoup.nodes.Document$QuirksMode[] values()
androidx.cardview.R$attr: int contentPaddingTop
com.google.android.material.R$attr: int state_collapsible
androidx.appcompat.R$id: int tag_accessibility_clickable_spans
androidx.appcompat.R$styleable: int SearchView_searchHintIcon
com.google.android.material.R$styleable: int CollapsingToolbarLayout_Layout_layout_collapseParallaxMultiplier
com.zhihu.matisse.R$attr: int fontProviderQuery
com.wdullaer.materialdatetimepicker.R$id: int search_plate
androidx.appcompat.R$attr: int editTextBackground
androidx.appcompat.resources.R$styleable: int[] StateListDrawableItem
com.tencent.bugly.BuglyStrategy: com.tencent.bugly.BuglyStrategy setAppReportDelay(long)
com.google.android.material.R$attr: int tabSelectedTextColor
com.google.android.material.R$style: int Animation_AppCompat_DropDownUp
androidx.constraintlayout.widget.R$id: int activity_chooser_view_content
com.tencent.bugly.crashreport.crash.CrashDetailBean: java.lang.String B
androidx.preference.R$id: int title_template
com.wdullaer.materialdatetimepicker.R$id: int customPanel
androidx.appcompat.widget.FitWindowsFrameLayout: FitWindowsFrameLayout(android.content.Context)
android.support.v4.media.session.IMediaControllerCallback: void onSessionReady()
cat.ereza.customactivityoncrash.R$style: int Widget_AppCompat_ActionMode
com.kizitonwose.colorpreferencecompat.R$styleable: int MultiSelectListPreference_entryValues
androidx.constraintlayout.widget.R$styleable: int LinearLayoutCompat_Layout_android_layout_height
androidx.constraintlayout.widget.R$styleable: int ActionBar_subtitleTextStyle
androidx.appcompat.widget.AppCompatButton: AppCompatButton(android.content.Context,android.util.AttributeSet,int)
android.support.v4.media.session.MediaControllerCompat$PlaybackInfo: int getPlaybackType()
com.jaeger.library.R$id: int search_mag_icon
com.google.android.material.chip.Chip: void setBackgroundTintMode(android.graphics.PorterDuff$Mode)
com.kizitonwose.colorpreferencecompat.R$styleable: int ActionBar_subtitleTextStyle
com.google.android.material.R$styleable: int AppCompatTheme_selectableItemBackgroundBorderless
com.google.android.material.R$attr: int tabIndicatorAnimationDuration
com.jaygoo.widget.R$color: int abc_btn_colored_text_material
com.wdullaer.materialdatetimepicker.R$id: int topPanel
cat.ereza.customactivityoncrash.R$styleable: int AppCompatTheme_panelBackground
com.zhihu.matisse.R$dimen: int abc_dialog_fixed_height_minor
com.tencent.bugly.crashreport.crash.h5.H5JavaScriptInterface: com.tencent.bugly.crashreport.crash.h5.H5JavaScriptInterface getInstance(com.tencent.bugly.crashreport.CrashReport$WebViewInterface)
androidx.appcompat.widget.AppCompatImageButton: android.content.res.ColorStateList getSupportBackgroundTintList()
com.google.android.material.R$attr: int spanCount