app/build/outputs/mapping/release/mapping.txt
# compiler: R8
# compiler_version: 1.6.67
# min_api: 21
# pg_map_id: 38cc867
# common_typos_disable
top.huar.schedule.AppActivityIndex -> g.a.a.a:
    java.util.Map SUBSCRIBER_INDEX -> a
    org.greenrobot.eventbus.meta.SubscriberInfo getSubscriberInfo(java.lang.Class) -> a
    void putIndex(org.greenrobot.eventbus.meta.SubscriberInfo) -> a
top.huar.schedule.R$id -> g.a.a.b:
top.huar.schedule.R$styleable -> g.a.a.c:
top.huar.schedule.common.App -> top.huar.schedule.common.App:
    top.huar.schedule.common.App$Companion Companion -> d
    top.huar.schedule.entity.DaoSession daoSession -> b
    android.content.SharedPreferences sharedPreferences -> c
    top.huar.schedule.entity.DaoSession getDaoSession() -> a
    android.content.SharedPreferences access$getSharedPreferences$cp() -> b
top.huar.schedule.common.App$Companion -> top.huar.schedule.common.App$a:
    android.content.SharedPreferences getSharedPreferences() -> a
top.huar.schedule.common.BaseActivity -> top.huar.schedule.common.a:
    com.heytap.wearable.oms.MessageClient$OnMessageReceivedListener onMessageReceivedListener -> y
    com.heytap.wearable.oms.Node node -> w
    com.heytap.wearable.oms.NodeClient$OnNodeChangedListener onNodeChangedListener -> x
    com.heytap.wearable.oms.NodeClient nodeClient -> u
    com.heytap.wearable.oms.MessageClient messageClient -> v
    void access$setNode$p(top.huar.schedule.common.BaseActivity,com.heytap.wearable.oms.Node) -> a
    void initWearable() -> v
top.huar.schedule.common.BaseActivity$Companion -> top.huar.schedule.common.a$a:
top.huar.schedule.common.BaseActivity$initWearable$1 -> top.huar.schedule.common.a$b:
    top.huar.schedule.common.BaseActivity this$0 -> a
    void onPeerDisconnected(com.heytap.wearable.oms.Node) -> a
    void onPeerConnected(com.heytap.wearable.oms.Node) -> b
top.huar.schedule.common.BaseActivity$initWearable$2 -> top.huar.schedule.common.a$c:
    top.huar.schedule.common.BaseActivity$initWearable$2 INSTANCE -> a
    void onMessageReceived(com.heytap.wearable.oms.MessageEvent) -> a
top.huar.schedule.common.BaseActivity$initWearable$3 -> top.huar.schedule.common.a$d:
    top.huar.schedule.common.BaseActivity$initWearable$3 INSTANCE -> a
    void onResult(com.heytap.wearable.oms.MessageClient$SendMessageResult) -> a
    void onResult(com.heytap.wearable.oms.common.Result) -> a
top.huar.schedule.common.ConstantPool$Int -> top.huar.schedule.common.b:
    top.huar.schedule.common.ConstantPool$Int GET_COOKIE_AND_IMAGE_FAILED -> q
    top.huar.schedule.common.ConstantPool$Int RE_LOGIN_SCORE -> r
    top.huar.schedule.common.ConstantPool$Int REFRESH_CLASS_SCHEDULE_FRAGMENT -> o
    top.huar.schedule.common.ConstantPool$Int GET_COOKIE_AND_IMAGE_OK -> p
    top.huar.schedule.common.ConstantPool$Int RETURN_LOGIN_FRAGMENT -> u
    top.huar.schedule.common.ConstantPool$Int CLASS_WEEK_CHANGE -> v
    top.huar.schedule.common.ConstantPool$Int SCORE_LOGIN_MSG -> s
    top.huar.schedule.common.ConstantPool$Int SCORE_LOGIN_SUCCESS -> t
    int value -> b
    top.huar.schedule.common.ConstantPool$Int ENTER_HOME_ACTIVITY -> e
    top.huar.schedule.common.ConstantPool$Int EXIT_DELAY -> f
    top.huar.schedule.common.ConstantPool$Int DELAY_INTO_MAIN_ACTIVITY_TIME -> c
    top.huar.schedule.common.ConstantPool$Int HTTP_ERROR -> d
    top.huar.schedule.common.ConstantPool$Int APP_COLOR_CHANGE -> i
    top.huar.schedule.common.ConstantPool$Int CLASS_UP_REMIND -> j
    top.huar.schedule.common.ConstantPool$Int[] $VALUES -> w
    top.huar.schedule.common.ConstantPool$Int TIME_TICK_CHANGE -> g
    top.huar.schedule.common.ConstantPool$Int REFRESH_WEEK_FRAGMENT_DATA -> h
    top.huar.schedule.common.ConstantPool$Int PHONE_MUTE_OPEN -> m
    top.huar.schedule.common.ConstantPool$Int COURSE_INFO_ARRAY_UPDATE -> n
...
org.jsoup.parser.HtmlTreeBuilderState$Constants -> f.b.j.c$y:
    java.lang.String[] InBodyStartLiBreakers -> e
    java.lang.String[] InBodyStartPreListing -> d
    java.lang.String[] Formatters -> g
    java.lang.String[] DdDt -> f
    java.lang.String[] InBodyStartToHead -> a
    java.lang.String[] Headings -> c
    java.lang.String[] InBodyStartPClosers -> b
    java.lang.String[] InBodyStartRuby -> m
    java.lang.String[] InBodyStartOptions -> l
    java.lang.String[] InBodyEndClosers -> o
    java.lang.String[] InBodyStartDrop -> n
    java.lang.String[] InBodyStartEmptyFormatters -> i
    java.lang.String[] InBodyStartApplets -> h
    java.lang.String[] InBodyStartInputAttribs -> k
    java.lang.String[] InBodyStartMedia -> j
    java.lang.String[] InCellCol -> u
    java.lang.String[] InCellTable -> t
    java.lang.String[] InBodyEndTableFosters -> q
    java.lang.String[] InBodyEndAdoptionFormatters -> p
    java.lang.String[] InCellBody -> s
    java.lang.String[] InCellNames -> r
org.jsoup.parser.ParseError -> f.b.j.d:
    java.lang.String errorMsg -> b
    int pos -> a
org.jsoup.parser.ParseErrorList -> f.b.j.e:
    int maxSize -> b
    boolean canAddError() -> a
    org.jsoup.parser.ParseErrorList noTracking() -> b
org.jsoup.parser.ParseSettings -> f.b.j.f:
    boolean preserveTagCase -> a
    boolean preserveAttributeCase -> b
    org.jsoup.parser.ParseSettings preserveCase -> d
    org.jsoup.parser.ParseSettings htmlDefault -> c
    java.lang.String normalizeAttribute(java.lang.String) -> a
    org.jsoup.nodes.Attributes normalizeAttributes(org.jsoup.nodes.Attributes) -> a
    java.lang.String normalizeTag(java.lang.String) -> b
org.jsoup.parser.Parser -> f.b.j.g:
    org.jsoup.parser.TreeBuilder treeBuilder -> a
    org.jsoup.parser.ParseErrorList errors -> b
    org.jsoup.parser.ParseSettings settings -> c
    org.jsoup.parser.ParseErrorList getErrors() -> a
    org.jsoup.nodes.Document parseInput(java.io.Reader,java.lang.String) -> a
    org.jsoup.nodes.Document parseInput(java.lang.String,java.lang.String) -> a
    org.jsoup.parser.ParseSettings settings() -> b
    org.jsoup.parser.Parser htmlParser() -> c
    org.jsoup.parser.Parser xmlParser() -> d
org.jsoup.parser.Tag -> f.b.j.h:
    boolean formList -> i
    boolean formSubmit -> j
    java.lang.String[] inlineTags -> m
    java.lang.String[] blockTags -> l
    java.lang.String[] formatAsInlineTags -> o
    java.lang.String[] emptyTags -> n
    boolean canContainInline -> e
    boolean empty -> f
    java.util.Map tags -> k
    java.lang.String tagName -> a
    boolean selfClosing -> g
    boolean preserveWhitespace -> h
    java.lang.String[] formListedTags -> q
    java.lang.String[] preserveWhitespaceTags -> p
    java.lang.String normalName -> b
    boolean isBlock -> c
    java.lang.String[] formSubmitTags -> r
    boolean formatAsBlock -> d
    boolean formatAsBlock() -> a
    void register(org.jsoup.parser.Tag) -> a
    org.jsoup.parser.Tag valueOf(java.lang.String) -> a
    org.jsoup.parser.Tag valueOf(java.lang.String,org.jsoup.parser.ParseSettings) -> a
    java.lang.String getName() -> b
    boolean isBlock() -> c
    boolean isEmpty() -> d
    boolean isFormListed() -> e
    boolean isKnownTag() -> f
    boolean isSelfClosing() -> g
    java.lang.String normalName() -> h
    boolean preserveWhitespace() -> i
    org.jsoup.parser.Tag setSelfClosing() -> j