app/build/outputs/mapping/release/usage.txt
top.huar.schedule.ui.fragment.checkscore.CheckScoreShowFragment:
    private static final java.lang.String TAG
top.huar.schedule.R$drawable
top.huar.schedule.R$menu
top.huar.schedule.ui.adapter.TodayRecyclerViewAdapter:
    private static final java.lang.String TAG
top.huar.schedule.R$bool
top.huar.schedule.R$array
top.huar.schedule.ui.fragment.setting.SettingsFragment:
    public static final synthetic int access$getTotal$p(top.huar.schedule.ui.fragment.setting.SettingsFragment)
    public android.view.View _$_findCachedViewById(int)
    private static final java.lang.String TAG
    public static final java.lang.String CLASS_REMINDER_UP_TIME
    public static final java.lang.String CLASS_REMINDER_DOWN_TIME
    public static final java.lang.String PHONE_MUTE_STATUS
    public static final java.lang.String PHONE_MUTE_BEFORE_TIME
    public static final java.lang.String PHONE_MUTE_AFTER_TIME
    public static final java.lang.String DEFAULT_SHOW_MAIN_FRAGMENT
    public static final java.lang.String APP_COLOR_PRIMARY
    public static final java.lang.String APP_COLOR_PRIMARY_DARK
    public static final java.lang.String APP_COLOR_ACCENT
    public static final java.lang.String APP_COLOR_PROGRESS
    public static final java.lang.String FOREGROUND_SERVICE_STATUS
    public static final java.lang.String NOW_WEEK_NUM
    public static final java.lang.String TOTAL_WEEK_NUM
top.huar.schedule.R$id:
    private void <init>()
top.huar.schedule.R$color
top.huar.schedule.R$interpolator
top.huar.schedule.ui.activity.SettingActivity:
    public android.view.View _$_findCachedViewById(int)
    public void _$_clearFindViewByIdCache()
    private java.util.HashMap _$_findViewCache
    private static final java.lang.String TAG
top.huar.schedule.service.CourseInfoService:
    private static final java.lang.String TAG
    private static final java.lang.String NO_COURSE_DATA
top.huar.schedule.ui.activity.AboutActivity:
    public void _$_clearFindViewByIdCache()
    private static final java.lang.String TAG
top.huar.schedule.util.FileUtils:
    private static final java.lang.String TAG
    private static final int MAX_IMAGE_FILE_SIZE
top.huar.schedule.ui.activity.LoginActivity:
    public void _$_clearFindViewByIdCache()
    private static final java.lang.String TAG
top.huar.schedule.ui.widget.ToadyRemoteViewsFactory:
    public final int getWidth()
    public final void setWidth(int)
    public final int getHeight()
    public final void setHeight(int)
    public final android.content.Context getContext()
    public final android.content.Intent getIntent()
    private static final java.lang.String TAG
top.huar.schedule.R$attr
top.huar.schedule.R$anim
top.huar.schedule.BuildConfig
top.huar.schedule.R$plurals
top.huar.schedule.ui.fragment.CheckScoreFragment:
    public android.view.View _$_findCachedViewById(int)
    private static final java.lang.String TAG
top.huar.schedule.R
top.huar.schedule.R$dimen
top.huar.schedule.receiver.TimeTickReceiver:
    private static final java.lang.String TAG
top.huar.schedule.util.ThemeChangeUtil:
    public final void setChange(boolean)
    private static final java.lang.String TAG
...
androidx.constraintlayout.solver.Metrics:
    public void <init>()
    public java.lang.String toString()
    public void reset()
    public long additionalMeasures
    public long resolutions
    public long variables
    public long resolvedWidgets
    public long centerConnectionResolved
    public long matchConnectionResolved
    public long chainConnectionResolved
    public long barrierConnectionResolved
    public long oldresolvedWidgets
    public java.util.ArrayList problematicLayouts
    public long measuresWrap
    public long measuresWrapInfeasible
    public long infeasibleDetermineGroups
    public long determineGroups
kotlin.comparisons.ComparisonsKt__ComparisonsKt$compareByDescending$2
com.bumptech.glide.provider.ResourceDecoderRegistry:
    public synchronized void prepend(java.lang.String,com.bumptech.glide.load.ResourceDecoder,java.lang.Class,java.lang.Class)
kotlin.ranges.UIntProgressionIterator
androidx.fragment.app.BackStackRecord:
    public int getId()
    public int getBreadCrumbTitleRes()
    public int getBreadCrumbShortTitleRes()
    public java.lang.CharSequence getBreadCrumbTitle()
    public java.lang.CharSequence getBreadCrumbShortTitle()
    public androidx.fragment.app.FragmentTransaction hide(androidx.fragment.app.Fragment)
    public androidx.fragment.app.FragmentTransaction setPrimaryNavigationFragment(androidx.fragment.app.Fragment)
    public boolean isEmpty()
    private static final java.lang.String TAG
kotlin.collections.ArraysKt___ArraysKt$withIndex$6
androidx.media.AudioAttributesCompat$AudioManagerHidden
org.greenrobot.greendao.rx.RxDao$10
androidx.gridlayout.R$layout
com.bumptech.glide.util.pool.StateVerifier:
    private static final boolean DEBUG
androidx.dynamicanimation.animation.AnimationHandler$AnimationFrameCallback
androidx.preference.R
kotlin.TypeCastException:
    public void <init>()
com.google.android.material.datepicker.DateValidatorPointBackward
com.bumptech.glide.annotation.GlideModule
com.bumptech.glide.load.model.stream.MediaStoreVideoThumbLoader$Factory:
    public void teardown()
androidx.recyclerview.widget.RecyclerView$ItemAnimator$ItemHolderInfo:
    public int changeFlags
kotlin.jvm.internal.TypeReference$WhenMappings
androidx.preference.PreferenceFragment$ScrollToPreferenceObserver
androidx.media.MediaBrowserServiceCompat$ServiceBinderImpl$4
androidx.constraintlayout.motion.utils.ArcCurveFit
androidx.legacy.coreutils.R$color
kotlin.jvm.functions.Function18
com.heytap.wearable.oms.BuildConfig
kotlin.io.LinesSequence
androidx.versionedparcelable.VersionedParcel$ParcelException
org.jsoup.nodes.Document$OutputSettings:
    public org.jsoup.nodes.Document$OutputSettings escapeMode(org.jsoup.nodes.Entities$EscapeMode)
    public org.jsoup.nodes.Document$OutputSettings prettyPrint(boolean)
    public org.jsoup.nodes.Document$OutputSettings outline(boolean)
    public org.jsoup.nodes.Document$OutputSettings indentAmount(int)
kotlin.text.CharsKt__CharKt:
    private static final java.lang.String plus(char,java.lang.String)
    public static synthetic boolean equals$default(char,char,boolean,int,java.lang.Object)
    public static final boolean isSurrogate(char)
    public void <init>()
com.google.android.material.internal.CheckableImageButton:
    public boolean isPressable()
com.google.android.material.transition.platform.FadeProvider
com.google.android.material.textfield.DropdownMenuEndIconDelegate:
    private static final int ANIMATION_FADE_OUT_DURATION
    private static final int ANIMATION_FADE_IN_DURATION
org.jsoup.safety.Cleaner
kotlin.contracts.CallsInPlace
com.heytap.wearable.oms.internal.j:
    public int getRequestId()
com.google.android.material.R$id:
    private void <init>()
kotlin.ranges.UIntRange$Companion
com.google.android.material.progressindicator.DrawableWithAnimatedVisibilityChange$2
com.bumptech.glide.load.engine.cache.DiskCacheWriteLocker$WriteLockPool:
    private static final int MAX_POOL_SIZE